<?xml version="1.0" encoding="UTF-8"?>
<testsuite name="TestSuite" time="56.524" tests="1" errors="0" skipped="0" failures="1">
  <properties>
    <property name="java.runtime.name" value="Java(TM) SE Runtime Environment"/>
    <property name="sun.boot.library.path" value="C:\Program Files\Java\jdk1.8.0_11\jre\bin"/>
    <property name="java.vm.version" value="25.11-b03"/>
    <property name="java.vm.vendor" value="Oracle Corporation"/>
    <property name="java.vendor.url" value="http://java.oracle.com/"/>
    <property name="path.separator" value=";"/>
    <property name="guice.disable.misplaced.annotation.check" value="true"/>
    <property name="java.vm.name" value="Java HotSpot(TM) 64-Bit Server VM"/>
    <property name="file.encoding.pkg" value="sun.io"/>
    <property name="user.script" value=""/>
    <property name="user.country" value="RU"/>
    <property name="sun.java.launcher" value="SUN_STANDARD"/>
    <property name="sun.os.patch.level" value=""/>
    <property name="java.vm.specification.name" value="Java Virtual Machine Specification"/>
    <property name="user.dir" value="C:\Users\Dan Bely\Desktop\Test Onliner\miniSMART_Java\WebDriver"/>
    <property name="java.runtime.version" value="1.8.0_11-b12"/>
    <property name="java.awt.graphicsenv" value="sun.awt.Win32GraphicsEnvironment"/>
    <property name="java.endorsed.dirs" value="C:\Program Files\Java\jdk1.8.0_11\jre\lib\endorsed"/>
    <property name="os.arch" value="amd64"/>
    <property name="java.io.tmpdir" value="C:\Users\DANBEL~1\AppData\Local\Temp\"/>
    <property name="line.separator" value="&#10;"/>
    <property name="java.vm.specification.vendor" value="Oracle Corporation"/>
    <property name="user.variant" value=""/>
    <property name="os.name" value="Windows 8.1"/>
    <property name="maven.ext.class.path" value="C:\Program Files\NetBeans 8.0\java\maven-nblib\netbeans-eventspy.jar"/>
    <property name="classworlds.conf" value="C:\Program Files\NetBeans 8.0\java\maven\bin\m2.conf"/>
    <property name="sun.jnu.encoding" value="Cp1251"/>
    <property name="java.library.path" value="C:\Program Files\Java\jdk1.8.0_11\bin;C:\Windows\Sun\Java\bin;C:\Windows\system32;C:\Windows;C:\Program Files\Java\jdk1.8.0_11\bin;C:\Ruby200\bin;."/>
    <property name="java.specification.name" value="Java Platform API Specification"/>
    <property name="java.class.version" value="52.0"/>
    <property name="sun.management.compiler" value="HotSpot 64-Bit Tiered Compilers"/>
    <property name="os.version" value="6.3"/>
    <property name="user.home" value="C:\Users\Dan Bely"/>
    <property name="user.timezone" value="Europe/Moscow"/>
    <property name="java.awt.printerjob" value="sun.awt.windows.WPrinterJob"/>
    <property name="java.specification.version" value="1.8"/>
    <property name="file.encoding" value="UTF-8"/>
    <property name="user.name" value="Dan Bely"/>
    <property name="java.class.path" value="C:\Program Files\NetBeans 8.0\java\maven\boot\plexus-classworlds-2.4.jar"/>
    <property name="java.vm.specification.version" value="1.8"/>
    <property name="sun.arch.data.model" value="64"/>
    <property name="java.home" value="C:\Program Files\Java\jdk1.8.0_11\jre"/>
    <property name="sun.java.command" value="org.codehaus.plexus.classworlds.launcher.Launcher -Dmaven.ext.class.path=C:\Program Files\NetBeans 8.0\java\maven-nblib\netbeans-eventspy.jar -Dfile.encoding=UTF-8 install"/>
    <property name="java.specification.vendor" value="Oracle Corporation"/>
    <property name="user.language" value="ru"/>
    <property name="awt.toolkit" value="sun.awt.windows.WToolkit"/>
    <property name="java.vm.info" value="mixed mode"/>
    <property name="java.version" value="1.8.0_11"/>
    <property name="java.ext.dirs" value="C:\Program Files\Java\jdk1.8.0_11\jre\lib\ext;C:\Windows\Sun\Java\lib\ext"/>
    <property name="sun.boot.class.path" value="C:\Program Files\Java\jdk1.8.0_11\jre\lib\resources.jar;C:\Program Files\Java\jdk1.8.0_11\jre\lib\rt.jar;C:\Program Files\Java\jdk1.8.0_11\jre\lib\sunrsasign.jar;C:\Program Files\Java\jdk1.8.0_11\jre\lib\jsse.jar;C:\Program Files\Java\jdk1.8.0_11\jre\lib\jce.jar;C:\Program Files\Java\jdk1.8.0_11\jre\lib\charsets.jar;C:\Program Files\Java\jdk1.8.0_11\jre\lib\jfr.jar;C:\Program Files\Java\jdk1.8.0_11\jre\classes"/>
    <property name="java.vendor" value="Oracle Corporation"/>
    <property name="maven.home" value="C:\Program Files\NetBeans 8.0\java\maven"/>
    <property name="file.separator" value="\"/>
    <property name="java.vendor.url.bug" value="http://bugreport.sun.com/bugreport/"/>
    <property name="sun.cpu.endian" value="little"/>
    <property name="sun.io.unicode.encoding" value="UnicodeLittle"/>
    <property name="sun.desktop" value="windows"/>
    <property name="sun.cpu.isalist" value="amd64"/>
  </properties>
  <testcase name="xTest" classname="Tests.MainTest" time="56.524">
    <failure type="java.lang.AssertionError:">java.lang.AssertionError: null
	at TestForms.ForumCommentForm.assertMessages(ForumCommentForm.java:56)
	at Tests.TestForumComment.runTest(TestForumComment.java:30)
	at Tests.MainTest.runTest(MainTest.java:34)
</failure>
    <system-out><![CDATA[20:18:15,882  INFO - browser driver was constructed
20:18:15,884  INFO - Browser 'firefox' ready...
20:18:15,964  INFO - ------------------------------------------------------------------------
20:18:15,964  INFO - =====================  Test case: 'Tests.MainTest' =====================
20:18:15,964  INFO - ------------------------------------------------------------------------
20:18:15,964  INFO - --------==[ Preconditions ]==--------
20:18:15,965  INFO - --------==[ Step 1 ]==--------
20:18:17,020  INFO - --------==[ Step 2 ]==--------
20:18:17,111  INFO - Form 'Login page' appears in 84msec
20:18:17,162  INFO - --------==[ Step 3 ]==--------
20:18:17,204  INFO - Text Field 'Enter username' :: Typing 'KronosJuniorL'
20:18:17,657  INFO - Text Field 'Enter password' :: Typing '123456kak'
20:18:17,774  INFO - Button 'Enter on account' :: Clicking
20:18:17,924  INFO - --------==[ Step 4 ]==--------
20:18:24,804  INFO - --------==[ Step 5 ]==--------
20:18:26,189  INFO - --------==[ Step 1 ]==--------
20:18:26,246  INFO - Form 'Main page' appears in 57msec
20:18:26,302  INFO - Text Field 'Enter request' :: Typing 'HTC One'
20:18:26,845  INFO - Button 'click Search' :: Clicking
20:18:27,215  INFO - --------==[ Step 2 ]==--------
20:18:29,930  INFO - CheckBox 'Chose first item' :: Clicking
20:18:30,314  INFO - CheckBox 'Chose second item' :: Clicking
20:18:30,744  INFO - Button 'click Compare' :: Clicking
20:18:30,975  INFO - --------==[ Step 3 ]==--------
20:18:34,380  INFO - --------==[ Step 1 ]==--------
20:18:34,429  INFO - Form 'Baraholka page' appears in 48msec
20:18:34,465  INFO - --------==[ Step 2 ]==--------
20:18:34,517  INFO - Button 'click Baraholka' :: Clicking
20:18:34,696  INFO - --------==[ Step 4 ]==--------
20:18:37,194  INFO - Button 'click Create theme' :: Clicking
20:18:37,448  INFO - --------==[ Step 5 ]==--------
20:18:38,539  INFO - --------==[ Step 6 ]==--------
20:18:40,074  INFO - Text Field 'Enter title' :: Typing 'Hello Beacon'
20:18:40,480  INFO - Text Field 'Enter message' :: Typing 'I love beacon'
20:18:40,743  INFO - Text Field 'Enter short message' :: Typing 'I love beacon'
20:18:41,000  INFO - Text Field 'Enter price' :: Typing '10'
20:18:41,100  INFO - Button 'Add advert' :: Clicking
20:18:41,292  INFO - --------==[ Step 7 ]==--------
20:18:42,461  INFO - --------==[ Step 1 ]==--------
20:18:42,526  INFO - Form 'Catalog Page' appears in 64msec
20:18:42,560  INFO - --------==[ Step 2 ]==--------
20:18:42,610  INFO - Button 'click Catalog' :: Clicking
20:18:42,908  INFO - --------==[ Step 3 ]==--------
20:18:53,578  INFO - Link 'click Section' :: Clicking
20:18:53,847  INFO - --------==[ Step 4 ]==--------
20:18:55,430  INFO - Text Field 'Enter min price' :: Typing '300'
20:18:55,552  INFO - Text Field 'Enter max price' :: Typing '500'
20:18:55,667  INFO - Text Field 'Enter year' :: Typing '2014'
20:18:58,450  INFO - Button 'click Search' :: Clicking
20:18:58,693  INFO - --------==[ Step 5 ]==--------
20:19:00,809  INFO - Button 'click Table view' :: Clicking
20:19:01,000  INFO - --------==[ Step 6 ]==--------
20:19:02,210  INFO - --------==[ Step 1 ]==--------
20:19:02,256  INFO - Form 'Forum page' appears in 45msec
20:19:02,295  INFO - --------==[ Step 2 ]==--------
20:19:02,348  INFO - Button 'click Forumbar' :: Clicking
20:19:02,617  INFO - --------==[ Step 3 ]==--------
20:19:04,822  INFO - Link 'click Popular theme' :: Clicking
20:19:05,017  INFO - --------==[ Step 4 ]==--------
20:19:09,172  INFO - Text Field 'Enter message' :: Typing 'Cool'
20:19:09,388  INFO - Button 'click Send' :: Clicking
20:19:09,653  INFO - --------==[ Step 5 ]==--------
20:19:12,482  WARN - 
20:19:12,482  WARN - >>>>>>>> TEST FAILED <<<<<<<<
20:19:12,482  WARN - 
]]></system-out>
  </testcase>
</testsuite>